<?xml version="1.0" encoding="utf-8"?><TestRun id="9ee16a14-e6f3-46f8-8604-d9209ce23b79" name="@ubuntu 2018-09-16 18:16:09" xmlns="http://microsoft.com/schemas/VisualStudio/TeamTest/2010"><Times creation="2018-09-16T18:16:09.8645645-07:00" queuing="2018-09-16T18:16:09.8645646-07:00" start="2018-09-16T18:16:07.7610890-07:00" finish="2018-09-16T18:16:09.8905441-07:00" /><TestSettings name="default" id="4b12eead-edfd-481b-89f4-d159ad847cf6"><Deployment runDeploymentRoot="_ubuntu_2018-09-16_18_16_09" /></TestSettings><Results><UnitTestResult executionId="4413d1e1-56fd-47cf-85e8-cfddc9c94ef6" testId="0e8027f7-6a7a-4013-af97-81220b2aa103" testName="Test1" computerName="ubuntu" duration="00:00:00.0670000" startTime="2018-09-16T18:16:09.0000000-07:00" endTime="2018-09-16T18:16:09.0000000-07:00" testType="13cdc9d9-ddb5-4fa4-a97d-d965ccfc6d4b" outcome="Passed" testListId="8c84fa94-04c1-424b-9868-57a2d4851a1d" relativeResultsDirectory="4413d1e1-56fd-47cf-85e8-cfddc9c94ef6" /><UnitTestResult executionId="63243609-8950-4c5f-a2c3-b72404858ee1" testId="1a38a710-eab0-47ea-a013-3312a1391b03" testName="ShouldReturnHelloWorld" computerName="ubuntu" duration="00:00:00.0130000" startTime="2018-09-16T18:16:09.0000000-07:00" endTime="2018-09-16T18:16:09.0000000-07:00" testType="13cdc9d9-ddb5-4fa4-a97d-d965ccfc6d4b" outcome="Passed" testListId="8c84fa94-04c1-424b-9868-57a2d4851a1d" relativeResultsDirectory="63243609-8950-4c5f-a2c3-b72404858ee1" /></Results><TestDefinitions><UnitTest name="Test1" storage="/home/nur/documents/sonarqube-netcore-docker/sample.console.app.unittest/bin/release/netcoreapp2.1/sample.console.app.unittest.dll" id="0e8027f7-6a7a-4013-af97-81220b2aa103"><Execution id="4413d1e1-56fd-47cf-85e8-cfddc9c94ef6" /><TestMethod codeBase="/home/nur/Documents/sonarqube-netcore-docker/Sample.Console.App.UnitTest/bin/Release/netcoreapp2.1/Sample.Console.App.UnitTest.dll" adapterTypeName="executor://nunit3testexecutor/" className="Tests.Tests" name="Test1" /></UnitTest><UnitTest name="ShouldReturnHelloWorld" storage="/home/nur/documents/sonarqube-netcore-docker/sample.console.app.unittest/bin/release/netcoreapp2.1/sample.console.app.unittest.dll" id="1a38a710-eab0-47ea-a013-3312a1391b03"><Execution id="63243609-8950-4c5f-a2c3-b72404858ee1" /><TestMethod codeBase="/home/nur/Documents/sonarqube-netcore-docker/Sample.Console.App.UnitTest/bin/Release/netcoreapp2.1/Sample.Console.App.UnitTest.dll" adapterTypeName="executor://nunit3testexecutor/" className="Sample.Console.App.UnitTest.HelloWorldUnitTest" name="ShouldReturnHelloWorld" /></UnitTest></TestDefinitions><TestEntries><TestEntry testId="0e8027f7-6a7a-4013-af97-81220b2aa103" executionId="4413d1e1-56fd-47cf-85e8-cfddc9c94ef6" testListId="8c84fa94-04c1-424b-9868-57a2d4851a1d" /><TestEntry testId="1a38a710-eab0-47ea-a013-3312a1391b03" executionId="63243609-8950-4c5f-a2c3-b72404858ee1" testListId="8c84fa94-04c1-424b-9868-57a2d4851a1d" /></TestEntries><TestLists><TestList name="Results Not in a List" id="8c84fa94-04c1-424b-9868-57a2d4851a1d" /><TestList name="All Loaded Results" id="19431567-8539-422a-85d7-44ee4e166bda" /></TestLists><ResultSummary outcome="Completed"><Counters total="2" executed="2" passed="2" failed="0" error="0" timeout="0" aborted="0" inconclusive="0" passedButRunAborted="0" notRunnable="0" notExecuted="0" disconnected="0" warning="0" completed="0" inProgress="0" pending="0" /><Output><StdOut>NUnit Adapter 3.10.0.21: Test execution startedRunning all tests in /home/nur/Documents/sonarqube-netcore-docker/Sample.Console.App.UnitTest/bin/Release/netcoreapp2.1/Sample.Console.App.UnitTest.dllNUnit3TestExecutor converted 2 of 2 NUnit test casesNUnit Adapter 3.10.0.21: Test execution complete</StdOut></Output></ResultSummary></TestRun>